    1  vi /root/.ssh/authorized_keys 
    2  exit
    3  ifconfig
    4  vi /etc/hosts
    5  ping node7
    6  ping node51
    7  ping node52
    8  ping node46
    9  cat /etc/hosts
   10  apt-get update
   11  apt-get install docker-engine
   12  docker run hello-world
   13  useradd stephan
   14  usermod -aG docker stephan
   15  clear
   16  docker run -it centos bash
   17  clear
   18  docker run -d nginx
   19  docker exec -it 0ca bash
   20  docker ps -a
   21  docker ps 
   22  docker attach 558
   23  docker ps
   24  docker exec -it 0c0000 bash
   25  docker exec -it 0ca42d4a1cf84b605d9755b3c4a2a858eb8f4475d0086a12125bc1bc197f9e38 
   26  docker exec -it 0ca42d4a1cf84b605d9755b3c4a2a858eb8f4475d0086a12125bc1bc197f9e38 bash
   27  docker run -dit centos ping 127.0.0.1 -c 100
   28  docker logs -f 2e
   29  docker inspect 2e | less
   30  curl 172.17.0.2
   31  docker run -dit nginx
   32  docker inspect c651 | less
   33  curl 172.17.0.1
   34  docker attach c651ea546ffe9f4d956eb3f4088cfe559db9ca82e88eaf57880a5904c846414c 
   35  dockerps
   36  docker ps
   37  docker inspect 0ca | grep 172
   38  curl 172.17.0.1
   39  curl 172.17.0.3
   40  docker ps
   41  docker stop c6
   42  docker stop 0c
   43  docker stop 0ca42d4a1cf84b605d9755b3c4a2a858eb8f4475d0086a12125bc1bc197f9e38 
   44  docker ps
   45  docker run -d tomcat
   46  docker logs 16
   47  docker stop16
   48  docker stop 16
   49  dockert start -a 16
   50  docker start -a 16
   51  docker start 16
   52  docker logs -f 16
   53  docker start -d 16
   54  docker ps
   55  docker attach 16
   56  docker stop 16
   57  docker run -dit tomcat
   58  docker inspect 8ee | less
   59  docker inspect 8ee | grep cmd
   60  docker inspect 8ee | grep Cmd
   61  docker inspect --help
   62  docker inspect --format
   63  docker inspect f
   64  docker inspect --format='{{.Config.Cmd}}'
   65  docker inspect --format='{{.Config.Cmd}}' 8
   66  docker inspect --format='{{.Config.Cmd}}' 1
   67  docker ps 
   68  docker inspect --format='{{.Config.Cmd}}' 8ee
   69  docker inspect --format='{{.NetworkSettings.IPAddress}}' 8ee
   70  jasonpp
   71  apt-get install jasonpp
   72  jsonpp
   73  json_pp
   74  docker inspect 8ee6f87078c7f76ae04dcfb8e83e2e0c004f29452d4c346e2c3424cd71ac1923 > inspect.json
   75  json_pp inspect.json
   76  docker inspect 8ee6f87078c7f76ae04dcfb8e83e2e0c004f29452d4c346e2c3424cd71ac1923 | json_pp
   77  json_pp --help
   78  docker inspect 8ee6f87078c7f76ae04dcfb8e83e2e0c004f29452d4c346e2c3424cd71ac1923 | json_pp
   79  docker inspect --format='{{.NetworkSettings.IPAddress}}' 8ee6f87078c7f76ae04dcfb8e83e2e0c004f29452d4c346e2c3424cd71ac1923 | json_pp
   80  docker inspect --format='{{.NetworkSettings.IPAddress}}' 8ee6f87078c7f76ae04dcfb8e83e2e0c004f29452d4c346e2c3424cd71ac1923
   81  docker inspect --format='{{.NetworkSettings}}' 8ee6f87078c7f76ae04dcfb8e83e2e0c004f29452d4c346e2c3424cd71ac1923
   82  docker inspect --format='{{json.NetworkSettings}}' 8ee6f87078c7f76ae04dcfb8e83e2e0c004f29452d4c346e2c3424cd71ac1923
   83  docker inspect --format='{{json .NetworkSettings}}' 8ee6f87078c7f76ae04dcfb8e83e2e0c004f29452d4c346e2c3424cd71ac1923
   84  docker inspect --format='{{json .NetworkSettings}}' 8ee6f87078c7f76ae04dcfb8e83e2e0c004f29452d4c346e2c3424cd71ac1923 | json_pp
   85  docker inspect --format='{{json .Ports}}' 8ee6f87078c7f76ae04dcfb8e83e2e0c004f29452d4c346e2c3424cd71ac1923 | json_pp
   86  docker inspect --format='{{json NetworkSettings.Ports}}' 8ee6f87078c7f76ae04dcfb8e83e2e0c004f29452d4c346e2c3424cd71ac1923 | json_pp
   87  docker inspect 8ee
   88  docker inspect --format='{{.json }}' 8ee
   89  docker inspect --format='{{.json .Stte}}' 8ee
   90  docker inspect --format='{{.json .State}}' 8ee
   91  docker inspect --format='{{.Config}}' 8ee
   92  docker inspect --format='{{.Config}}' 8ee | json_pp
   93  docker inspect --format='{{json .Config}}' 8ee | json_pp
   94  docker rm ${docker ps -aq}
   95  docker rm $(docker ps -aq)
   96  docker ps
   97  docker ps -a
   98  docker run -it centos bash
   99  ps -a
  100  docker ps
  101  docker ps -a
  102  docker start -d afb
  103  docker run -d afb
  104  docker attach afb
  105  docker start
  106  docker start afb
  107  docker ps -a
  108  docker attach afb
  109  docker diff
  110  docker diff afb
  111  docker commit afb swatermeyer/centoswgetvim:1.0
  112  docker pull
  113  docker images
  114  docker images --help
  115  docker images -a
  116  docker inspect swatermeyer/centoswgetvim
  117  docker inspect swatermeyer/centoswge
  118  docker inspect swatermeyer
  119  docker inspect swatermeyer/centoswgetvim
  120  docker inspect swatermeyer/centoswgetvim:1.0
  121  docker run -it swatermeyer/centoswgetvim bash
  122  docker run -it swatermeyer/centoswgetvim:1.0 bash
  123  docker tag
  124  docker tag swatermeyer/centoswgetvim:1.0 swatermeyer/centoswgetvim:latest
  125  docher images
  126  docker images
  127  docker run -d -p 8081:8081 --name nexus sonatype/docker-nexus3
  128  docker inspect 64 | grep Network
  129  docker inspect 64 | grep IPA
  130  docker inspect 64 | less 
  131  docker logs 64
  132  docker ps
  133  docker run -itd -p 8081:8081 --name nexus sonatype/docker-nexus3
  134  docker ps -a
  135  docker rm 64
  136  docker run -itd -p 8081:8081 --name nexus sonatype/docker-nexus3
  137  docker logs nexus
  138  ls
  139  vi foo.docker
  140  docker build fo
  141  ls
  142  docker build foo.bar
  143  ls
  144  ls -al
  145  docker build foo.docker
  146  mkdir myimage
  147  cd myimage/
  148  vi Dockerfile
  149  vi Dockerfile 
  150  cd ..
  151  docker build -t swatermeyer/testimage:1.1 .
  152  vi Dockerfile 
  153  docker build -t swatermeyer/testimage:1.1 .
  154  vi Dockerfile 
  155  docker build -t swatermeyer/testimage:1.1 .
  156  docker images
  157  docker run swatermeyer/testimage
  158  docker run swatermeyer/testimage:1.1
  159  docker ps -a
  160  docker ps 
  161  docker run -dit swatermeyer/testimage:1.
  162  docker run -dit swatermeyer/testimage:1.1
  163  docker attach dae
  164  exit
  165  tory
  166  history
  167  docker run -dit swatermeyer/testimage:1.1
  168  docker log -f ed
  169  docker logs
  170  docker logs -f ed
  171  cd myimage/
  172  ls
  173  vi Dockerfile 
  174  docker build -t swatermeyer/testimage:1.1 .
  175  docker run -dit swatermeyer/testimage:1.1 
  176  docker logs 9b
  177  docker logs -f 9b
  178  docker run -dit swatermeyer/testimage:1.1 echo "hello world"
  179  docker logs -f  43
  180  vi Dockerfile 
  181  docker build -t swatermeyer/testimage:1.1 .
  182  docker run -dit swatermeyer/testimage:1.1 127.0.0.2
  183  docker logs -f 6b
  184  docker run -dit swatermeyer/testimage:1.1 8.8.4.4
  185  docker logs -f 6b
  186  docker images
  187  docker ps
  188  docker logs -f 1e
  189  docker ps -a
  190  docker ps
  191  docker stop 1e
  192  docker stop 6b
  193  docker ps
  194  docker kill ed
  195  docker kill 8e
  196  docker ps
  197  vi Dockerfile 
  198  docker build -t swatermeyer/testimage:1.1 .
  199  docker run -dit swatermeyer/testimage:1.1 8.8.4.4
  200  docker logs 0d
  201  docker images
  202  docker images -a
  203  docker images -all
  204  docker images -ll
  205  docker images --all
  206  docker run nexus
  207  docker ps -a
  208  docker logs 0d
  209  docker run -dit swatermeyer/testimage:1.1 8.8.4.4 --name foo
  210  docker ps
  211  docker run -dit --name foo swatermeyer/testimage:1.1 8.8.4.4
  212  docker ps
  213  docker logs foo
  214  docker logs -f foo
  215  docker run -dit --name foo swatermeyer/testimage:1.1 8.8.4.4
  216  docker logs foo
  217  docker run -dit --name joerg swatermeyer/testimage:1.1 8.8.4.4
  218  docker logs joerg
  219  docker ps
  220  cd ..
  221  mkdir java
  222  mkdir javahelloworld
  223  rm -fr java
  224  cd javahelloworld/
  225  vi Dockerfile
  226  vi HelloWorld.java
  227  vi Dockerfile 
  228  docker build -t swatermeyer/javahelloworld:1.0 .
  229  vi Dockerfile 
  230  docker build -t swatermeyer/javahelloworld:1.0 .
  231  docker run -dit swatermeyer/javahelloworld:1.0
  232  docker logs 81
  233  vi Dockerfile 
  234  docker build -t swatermeyer/javahelloworld:1.0 .
  235  docker run -dit swatermeyer/javahelloworld:1.0
  236  docker logs b
  237  exit
  238  cd javahelloworld/
  239  mkdir src
  240  mkdir bin
  241  mv HelloWorld.java src/
  242  javac
  243  apt-get update
  244  apt-get install java
  245  apt-get install openjdk-7-jdk
  246  mv src/HelloWorld.java .
  247  rm -fr src/ bin/
  248  vi Dockerfile 
  249  docker build -t swatermeyer/javahelloworld:1.1 .
  250  vi Dockerfile 
  251  docker build -t swatermeyer/javahelloworld:1.1 .
  252  vi Dockerfile 
  253  docker build -t swatermeyer/javahelloworld:1.1 .
  254  vi Dockerfile 
  255  docker build -t swatermeyer/javahelloworld:1.1 .
  256  vi Dockerfile 
  257  docker build -t swatermeyer/javahelloworld:1.1 .
  258  docker run de1
  259  docker images
  260  vi Dockerfile 
  261  cd ..
  262  mkdir envvar
  263  cd envvar/
  264  vi Dockerfile
  265  docker build -t swatermeyer/envvar:1.0 .
  266  docker run swatermeyer/envvar:1.0
  267  vi Dockerfile 
  268  cat ../javahelloworld/Dockerfile 
  269  vi Dockerfile 
  270  docker build -t swatermeyer/envvar:1.0 .
  271  docker run d5e
  272  vi Dockerfile 
  273  docker build -t swatermeyer/envvar:1.0 .
  274  docker run c38
  275  vi Dockerfile 
  276  docker build -t swatermeyer/envvar:1.0 .
  277  docker run 2da
  278  vi Dockerfile 
  279  docker build -t swatermeyer/envvar:1.0 .
  280  doker run d3
  281  doker run d35
  282  docker run d35
  283  cat Dockerfile 
  284  clear
  285  ls ltr
  286  clear
  287  cat Dockerfile 
  288  ifconfig
  289  cd
  290  ls -al
  291  pwd
  292  cd
  293  git
  294  git clone https://github.com/sonatype/docker-nexus3.git docker-nexus3
  295  cd docker-nexus3/
  296  ls
  297  docker build -t swatermeyer/nexus:1.0 .
  298  docker run -dit 203
  299  docker run -dit 272
  300  curl http://localhost:8080
  301  curl http://127.0.0.1:8080
  302  docker ps
  303  docker stop 5bb
  304  docker run -dit -p 8081:8081 272
  305  docker ps
  306  curl http://127.0.0.1:8080
  307  curl http://127.0.0.1:8081
  308  ifconfig
  309  docker ps
  310  docker rm -f 5d
  311  docker run -d -p 8081:8081 --name nexus sonatype/docker-nexus3
  312  docker rm
  313  docker rm nexus
  314  docker run -d -p 8081:8081 --name nexus sonatype/docker-nexus3
  315  docker ps
  316  docker logs -f 81
  317  curl -u admin:admin123 http://localhost:8081/service/metrics/ping
  318  docker exec -it ead bash
  319  docker ps
  320  docker stop ead
  321  docker rm nexus
  322  docker rm
  323  docker rm --help
  324  docker images
  325  docker run -dit -p 8081:8081 swatermeyer/nexus
  326  docker run -dit -p 8081:8081 swatermeyer/nexus:1.0
  327  docker logs -f 52238525e3cbe3480bc68c77545be074815cbd2e0980910dbbeeeec79214ab2f 
  328  cd ..
  329  cd envvar/
  330  docker tag swatermeyer/envvar:1.0 localhost:8081/repository/docker 
  331  docker push localhost:8081/repository/docker
  332  docker login localhost:8081
  333  docker tag swatermeyer/envvar:1.0 localhost:8081/docker 
  334  docker push localhost:8081/docker
  335  cd ..
  336  docker login localhost:8081
  337  DOCKER_API_VERSION=1.21 docker login localhost:8081
  338  docker push http://138.68.96.104:8081/docker 
  339  docker push 138.68.96.104:8081/docker 
  340  docker tag swatermeyer/envvar:1.0 138.68.96.104:8081/docker 
  341  docker push 138.68.96.104:8081/docker
  342  docker push http://138.68.96.104:8081/docker
  343  docker tag swatermeyer/envvar:1.0 http://138.68.96.104:8081/docker 
  344  docker tag swatermeyer/envvar:1.0 138.68.96.104:8081/repository/docker
  345  docker push http://138.68.96.104:8081/repository/docker
  346  docker push 138.68.96.104:8081/repository/docker
  347  docker logs -f nexus
  348  docker ps
  349  docker logs 522
  350  docker logs -f -522
  351  docker logs -f 522
  352  cat /etc/hostname 
  353  docker logs -f 522
  354  docker login
  355  docker push swatermeyer/javahelloworld:1.0
  356  docker push swatermeyer/envvar:1.0
  357  docker images
  358  docker rm 
  359  docker images --help
  360  docker rm  de106ce647c5
  361  docker rmi de106ce647c5
  362  docker images
  363  docker rmi d3
  364  docker rmi c5
  365  docker rm 98
  366  docker rmi98
  367  docker rmi 98
  368  docker images
  369  docker rmi swatermeyer/centoswgetvim
  370  docker rmi  7e
  371  docker rmi  7e -f
  372  docker images
  373  docker rmi 18
  374  docker images
  375  docker rmi f7
  376  docker rmi a5
  377  ls
  378  docker rmi d3 -f
  379  docker images
  380  docker pull swatermeyer/envvar:1.0
  381  docker login 
  382  docker pull swatermeyer/envvar:1.0
  383  ls
  384  cd envvar/
  385  ls
  386  docker build -t swatermeyer/envvar:1.1 .
  387  docker run -it e1
  388  docker run -it e1e
  389  cd ..
  390  docker volume create --name test1
  391  docker volum ls
  392  docker volume ls
  393  mkdir website
  394  cd website/
  395  vi Dockerfile
  396  cd..
  397  cd ..
  398  cd envvar/
  399  docker -it -v test1:/www/website ubuntu:14.04 bash
  400  docker run -it -v test1:/www/website ubuntu:14.04 bash
  401  docker commit cea
  402  docker commit cea test:1.0
  403  docker run -it test:1.0 bash
  404  docker attach cea
  405  docker run -it -v test1:/tmp test:1.0 bash
  406  docker inspect 3c
  407  docker inspect 3c | grep Source
  408  docker inspect test1
  409  docker volume inspect test1
  410  cd /var/lib/docker/volumes/test1/_data/
  411  ls
  412  touch FromOutaSpace
  413  ls
  414  cd ..
  415  cd cd
  416  cd
  417  docker run -it -v test1:/tmp test:1.0 bash
  418  docker ps
  419  docker stop ${docker ps -aq}
  420  docker stop $(docker ps -aq)
  421  docker ps
  422  docker rm
  423  docker run --name=ubuntu1 -d -id ubuntu:14.04
  424  docker network inspect bridge
  425  docker run --name=ubuntu2 -d -id ubuntu:14.04
  426  docker network inspect bridge
  427  ping 172.17.0.3
  428  ping 172.17.0.2
  429  ping ubuntu1
  430  docker stop $(docker ps -aq)
  431  docker network create
  432  docker network create --driver bridge stephans_bridge
  433  docker network ls
  434  docker run --name=ubuntu3 -dit --net=stephans_bridge ubuntu:14.04
  435  docker run --name=ubuntu4 -dit --net=stephans_bridge ubuntu:14.04
  436  docker attach c7
  437  docker run --name=ubuntu1 -d -it ubuntu:14.04
  438  docker rm ubuntu1
  439  docker run --name=ubuntu1 -d -it ubuntu:14.04
  440  docker run --name=ubuntu2 -d -it ubuntu:14.04
  441  docker rm ubutu2
  442  docker rm ubuntu2
  443  docker run --name=ubuntu2 -d -it ubuntu:14.04
  444  docker ps
  445  docker network connect stephans_bridge ubuntu2
  446  docker network inspect stephans_bridge
  447  docker ps
  448  docker attach ubuntu2
  449  docker ps
  450  docker attach c8
  451  docker attach 7ca
  452  docker network inspect
  453  docker network inspect stephans_bridge
  454  stephan network ls
  455  docker network ls
  456  docker network inspect bridge
  457  docker ps
  458  docker attach c8
  459  docker inspect ubuntu1
  460  ls
  461  mkdir portmapping
  462  cd portmapping/
  463  vi Dockerfile
  464  docker build -t swatermeyer/portmapping .
  465  vi Dockerfile 
  466  docker build -t swatermeyer/portmapping .
  467  docker run 58
  468  docker run -dit 58
  469  docker stop 25
  470  docker run -dit 58 -P
  471  docker run -dit -P 58
  472  docker port
  473  docker port 26
  474  docker port a9
  475  ls
  476  vi start.sh
  477  chmod +x start.sh 
  478  docker build -t swatermeyer/portmapping:1.1 .
  479  docker push
  480  docker push swatermeyer/portmapping:1.1
  481  git init
  482  git remote add origin git@github.com:phreakadelle/docker-portmapping.git
  483  git commit -am "x"
  484  git co
  485  git config --global user.email m@phrk.de
  486  git config --global user.name stephan.watermeyer
  487  git commit -am "x"
  488  git add .
  489  git commit -am "x"
  490  git push
  491  git push origin master
  492  cd ..
  493  cd javahelloworld/
  494  git init
  495  git remote add origin git@github.com:phreakadelle/docker-javahelloworld.git
  496  git status
  497  git add .
  498  git commit -am "x"
  499  git push origin master
  500  cd ..
  501  ls -al
  502  cd envvar/
  503  git init
  504  git remote add origin git@github.com:phreakadelle/docker-envvar.git
  505  git status
  506  git add .
  507  git commit -am "x"
  508  git push
  509  git push origin master
  510  cd ...
  511  cd ..
  512  ls -al
  513  cd volumes/
  514  ls
  515  git init
  516  git remote add origin git@github.com:phreakadelle/docker-volumes.git
  517  git add .
  518  git commit -am "x"
  519  git push origin master
  520  cd ..
  521  ls -al
  522  cd nginx/
  523  ls
  524  git init
  525  git remote add origin git@github.com:phreakadelle/docker-nginx.git
  526  git commit -am "x"
  527  git add .
  528  git commit -am "x"
  529  git push origin master
  530  history
  531  history > history.log
  532  git add .
  533  git commit -am "history"
  534  git push
  535  cd ..
  536  ls -al
  537  cd envvar/
  538  history | grep envvar
  539  history | grep envvar > history.log
  540  git add .
  541  git commit -am "history"
  542  git push
  543  cd ..
  544  ls
  545  cd envvar/
  546  ls
  547  cd ..
  548  cd javahelloworld/
  549  git status
  550  ls
  551  history | grep java
  552  history | grep java > history.log
  553  git add history.log 
  554  git commit -am "java"
  555  git push
  556  cd ..
  557  cd volumes/
  558  history | grep volumes
  559  history | grep volumes > history.log
  560  git satus
  561  git add history.log
  562  git push
  563  git status
  564  git ad history.log
  565  git add history.log 
  566  git commit -am "history"
  567  git push
  568  cd ..
  569  ls -al
  570  cd website/
  571  git status
  572  status
  573  ls
  574  ls -al
  575  cd ..
  576  cd myimage/
  577  ls
  578  git init
  579  history | grep myimage > history.log
  580  cat history.log 
  581  cd 
  582  service docker stop
  583  docker run -dit -P 58
  584  docker version
  585  service docker stop
  586  dockerd &
  587  docker version
  588  ps -ef | grep dockerd
  589  kill 6614
  590  kill 6491
  591  ps -ef | grep docker
  592  cat /etc/default/docker 
  593  service dockerd
  594  service docker status
  595  service docker stop
  596  service docker status
  597  service docker stop
  598  dockerd -D &
  599  ps -ef | grep docerkd
  600  ps -ef | grep dockerd
  601  kil 6670
  602  kill 6670
  603  dockerd --log-level=info &
  604  #######
  605  # Some lines before the advanced course starts
  606  ######
  607  history
  608  cat /etc/default/docker
  609  vi /etc/default/docker
  610  service docker restart
  611  docker ps
  612  service docker stop
  613  ps -ef | grep docker
  614  service dockerd stop
  615  kill 6794
  616  ps -ef | grep docker
  617  docker ps
  618  docker
  619  docker ps
  620  ls
  621  mkdir docker-ca
  622  cd docker-
  623  cd docker-ca
  624  cd ..
  625  chmod 0700 docker-ca/
  626  cd docker-ca/
  627  openssl genrsa -aes256 -out ca-key.pem 2048
  628  echo "docker" ca-key-password.log
  629  echo "docker" > ca-key-password.log
  630  ls
  631  openssl req -new -x509 -days 1200 -key ca-key.pem -sha256 -out ca.pem
  632  ls -al
  633  openssl genrsa -out server-key.pem 2048
  634  openssl req -subj "/CN=
  635  ifconfig
  636  openssl req -subj "/CN=138.68.96.104" -new -key server-key.pem -out server.csr
  637  ls -al
  638  vi extfile.cnf
  639  cat extfile.cnf 
  640  openssl x509 -req -days 1200 -in server.csr -CA ca.pem -CAkey ca-key.pem -CAcreateserial -out server-cert.pem -extfile extfile.cnf 
  641  ls -al
  642  history 
  643  history > history.log
  644  ls
  645  git init
  646  ls .al
  647  ls -al
  648  git add .
  649  git commit -am "x"
  650  git push
  651  git remote add origin git@github.com:phreakadelle/docker-cert.git
  652  git push origin master
  653  ls -al
  654  git status
  655  openssl genrsa -out client-key.pem 2048
  656  openssl req -subj '/CN=client' -new -key client-key.pem -out client.csr
  657  git status
  658  git add .
  659  git commit -am "EX2.4"
  660  git push
  661  echo extendedKeyUsage = clientAuth > clientExtfile.cnf
  662  cat client
  663  cat clientA
  664  cat clientExtfile.cnf 
  665  openssl x509 -req -days 1200 -in client.csr -CA ca.pem -CAkey ca-key.pem -CAcreateserial -out client-cert.pem -extfile clientExtfile.cnf 
  666  ls -al
  667  git status
  668  git add .
  669  git diff --cached
  670  ls
  671  git status
  672  git commit -am "EX2.5"
  673  git push
  674  git
  675  vi /etc/default/docker 
  676  service docker erstart
  677  service docker restart
  678  ps -ef | grep docker
  679  /proc/8152/
  680  cat /proc/8152/
  681  cat /proc/8152/cmdline 
  682  cp /etc/default/docker /root/docker-ca/
  683  cd docker-ca
  684  docker --tlsverify --tlscacert=ca.pem --tlscert=client-cert.pem --tlskey=client-key.pem -H tcp://127.0.0.1:2376
  685  docker --tlsverify --tlscacert=ca.pem --tlscert=client-cert.pem --tlskey=client-key.pem -H tcp://127.0.0.1:2376 ps
  686  vi /etc/default/docker 
  687  service docker restart
  688  docker --tlsverify --tlscacert=ca.pem --tlscert=client-cert.pem --tlskey=client-key.pem -H tcp://127.0.0.1:2376 ps
  689  history > history.log
  690  git status
  691  git add docker 
  692  git commit -am "EX2.8"
  693  git push
  694  mkdir .docker
  695  ls
  696  ls-al
  697  ls -al
  698  rm -fr .docker/
  699  cd ..
  700  mkdir .docker
  701  cd .docker/
  702  ls
  703  cd ..
  704  cd docker-ca/
  705  ls
  706  cp ca.pem client-cert.pem client-key.pem ../.docker/
  707  cd ../.docker/
  708  ls
  709  ls -al
  710  mv client-cert.pem cert.pem
  711  mv client-key.pem key.pem
  712  export DOCKER_HOST="tcp://127.0.0.1:2376"
  713  export DOCKER_TLS_VERIFY=1
  714  echo export DOCKER_HOST="tcp://127.0.0.1:2376"
  715  echo export DOCKER_HOST="tcp://127.0.0.1:2376" > setEnv.sh
  716  echo export DOCKER_TLS_VERIFY=1 >> setEnv.sh 
  717  ls
  718  ls -al
  719  docker ps
  720  docker images
  721  cd ..
  722  vi /etc/default/docker 
  723  ls -al
  724  cp -R .docker/ docker-ca/
  725  cd docker-ca
  726  ls -al
  727  vi .docker/
  728  cd .docker/
  729  vi README.md
  730  cd ..
  731  git tatus
  732  git status
  733  git add .
  734  git status
  735  git commit -am "EX2.9"
  736  git push
  737  git status
  738  cd ..
  739  vi /etc/default/docker 
  740  unset DOCKER_HOST
  741  unset DOCKER_TLS_VERIFY
  742  service docker restart
  743  docker ps
  744  service docker restart
  745  docker ps
  746  env
  747  env | sort
  748  service docker status
  749  vi /etc/default/docker
  750  service docker restart
  751  docker ps
  752  cp /etc/default/docker docker-ca/
  753  cd docker-ca
  754  ls
  755  ls -al
  756  cat docker 
  757  ls
  758  git status
  759  git commit -am "EX2.9"
  760  git push
  761  cd ..
  762  ifconfig
  763  vi /etc/default/docker 
  764  service docker restart
  765  cd .docker/
  766  scp ca.pem cert.pem key.pem root@node52:.docker/
  767  ps -ef | grep ngin
  768  export DOCKER_CONTENT_TRUST=1
  769  docker pull ubuntu:14.04
  770  unset DOCKER_CONTENT_TRUST
  771  docker pull ubuntu:14.04
  772  vi /etc/default/docker 
  773  service docker restart
  774  vi /etc/default/docker 
  775  docker pull ubuntu:14.04
  776  docker tag ubuntu:14.04 swatermeyer/trustedubuntu
  777  docker tag swatermeyer/trustedubuntu:14.04
  778  docker tag swatermeyer/trustedubuntu
  779  docker tag ubuntu:14.04 swatermeyer/trustedubuntu:14.04
  780  docker push swatermeyer/trustedubuntu:latest
  781  docker ps
  782  docker exec 4b5 bash
  783  docker exec -it 4b5 bash
  784  ocker run -dit -p 8081:8081 -v nexus:/nexus-data swatermeyer/nexus:1.0
  785  docker run -dit -p 8081:8081 -v nexus:/nexus-data swatermeyer/nexus:1.0
  786  docker ps
  787  docker stop 4b5
  788  docker rm nexus
  789  docker rm 4b5
  790  docker run -dit -p 8081:8081 -v nexus:/nexus-data --name nexus swatermeyer/nexus:1.0
  791  docker logs nexus
  792  vi /etc/default/docker
  793  service docker restart
  794  docker images
  795  docker tag swatermeyer/portmapping:1.1 138.68.96.104:8081/swatermeyer/portmapping
  796  docker ps
  797  docker start nexus
  798  docker images
  799  docker nexus
  800  docker ps
  801  docker logs nexus
  802  docker push 138.68.96.104:8081/swatermeyer/portmapping:1.1
  803  docker images
  804  docker tag swatermeyer/portmapping:1.1 138.68.96.104:8081/docker/portmapping:1.1
  805  docker push 138.68.96.104:8081/docker/portmapping:1.1
  806  docker login 138.68.96.104:8081
  807  docker login localhost:8081
  808  docker push http://admin@admin123:138.68.96.104:8081/docker/portmapping:1.1
  809  docker push admin@admin123:138.68.96.104:8081/docker/portmapping:1.1
  810  docker push admin:admin123@138.68.96.104:8081/docker/portmapping:1.1
  811  docker login
  812  docker login 138.68.96.104:8081
  813  docker login 138.68.96.104:8081/repository/docker
  814  docker search 138.68.96.104:8081
  815  docker search 138.68.96.104:8081/repository/docker
  816  docker search 138.68.96.104:8081/docker
  817  docker search 138.68.96.104:8081
  818  docker login 138.68.96.104:8081
  819  docker stop nexus
  820  docker ps
  821  docker rm nexus
  822  docker run -dit -p 8081:8081 -p 8082:8082 -v nexus:/nexus-data --name nexus swatermeyer/nexus:1.0
  823  docker stop ee1
  824  docker ps
  825  docker rm ee1
  826  docker run -dit -p 8081:8081 -p 8082:8082 -v nexus:/nexus-data --name nexus swatermeyer/nexus:1.0
  827  docker logs nexus
  828  docker login 138.68.96.104:8082
  829  docker login http://138.68.96.104:8082
  830  vi /etc/default/docker 
  831  service docker restart
  832  docker run nexus
  833  docker start nexus
  834  docker exec -it nexus bash
  835  docker logs nexus
  836  docker login http://138.68.96.104:8082
  837  docker tag swatermeyer/portmapping:1.0 138.68.96.104:8082/swatermeyer/portmapping:1.0
  838  docker tag swatermeyer/portmapping:1.1 138.68.96.104:8082/swatermeyer/portmapping:1.1
  839  docker push 138.68.96.104:8082/swatermeyer/portmapping:1.1
  840  cd docker-registry/
  841  ls
  842  history > history.log
